<?xml version="1.0" encoding="UTF-8"?>
<testsuite xmlns:xsi="http://www.w3.org/2001/XMLSchema-instance" xsi:noNamespaceSchemaLocation="https://maven.apache.org/surefire/maven-surefire-plugin/xsd/surefire-test-report.xsd" name="AllBooksEndpointTest" time="2.238" tests="5" errors="0" skipped="0" failures="0">
  <properties>
[...]
</properties>
  <testcase name="getAllBooksResponseCodeTest" classname="AllBooksEndpointTest" time="0.049"/>
  <testcase name="getAllBooksPerformanceTest" classname="AllBooksEndpointTest" time="0.015"/>
  <testcase name="getAllBooksNumOfResultsTest" classname="AllBooksEndpointTest" time="0.425"/>
  <testcase name="getAllBooksResultsHasItemsTest" classname="AllBooksEndpointTest" time="0.046"/>
  <testcase name="getAllBooksResultsContainsTest" classname="AllBooksEndpointTest" time="0.012"/>
</testsuite>